  平移.cpp
E:\BaiduSyncdisk\代码\计算机图形学\实验\实验五-图形基本变换\平移\平移\平移.cpp(48,42): warning C4244: “参数”: 从“double”转换到“GLfloat”，可能丢失数据
E:\BaiduSyncdisk\代码\计算机图形学\实验\实验五-图形基本变换\平移\平移\平移.cpp(48,35): warning C4244: “参数”: 从“double”转换到“GLfloat”，可能丢失数据
E:\BaiduSyncdisk\代码\计算机图形学\实验\实验五-图形基本变换\平移\平移\平移.cpp(48,26): warning C4244: “参数”: 从“double”转换到“GLfloat”，可能丢失数据
E:\BaiduSyncdisk\代码\计算机图形学\实验\实验五-图形基本变换\平移\平移\平移.cpp(49,34): warning C4244: “参数”: 从“double”转换到“GLfloat”，可能丢失数据
E:\BaiduSyncdisk\代码\计算机图形学\实验\实验五-图形基本变换\平移\平移\平移.cpp(49,29): warning C4244: “参数”: 从“double”转换到“GLfloat”，可能丢失数据
E:\BaiduSyncdisk\代码\计算机图形学\实验\实验五-图形基本变换\平移\平移\平移.cpp(49,24): warning C4244: “参数”: 从“double”转换到“GLfloat”，可能丢失数据
E:\BaiduSyncdisk\代码\计算机图形学\实验\实验五-图形基本变换\平移\平移\平移.cpp(50,42): warning C4244: “参数”: 从“double”转换到“GLfloat”，可能丢失数据
E:\BaiduSyncdisk\代码\计算机图形学\实验\实验五-图形基本变换\平移\平移\平移.cpp(50,35): warning C4244: “参数”: 从“double”转换到“GLfloat”，可能丢失数据
E:\BaiduSyncdisk\代码\计算机图形学\实验\实验五-图形基本变换\平移\平移\平移.cpp(50,26): warning C4244: “参数”: 从“double”转换到“GLfloat”，可能丢失数据
E:\BaiduSyncdisk\代码\计算机图形学\实验\实验五-图形基本变换\平移\平移\平移.cpp(51,34): warning C4244: “参数”: 从“double”转换到“GLfloat”，可能丢失数据
E:\BaiduSyncdisk\代码\计算机图形学\实验\实验五-图形基本变换\平移\平移\平移.cpp(51,29): warning C4244: “参数”: 从“double”转换到“GLfloat”，可能丢失数据
E:\BaiduSyncdisk\代码\计算机图形学\实验\实验五-图形基本变换\平移\平移\平移.cpp(51,24): warning C4244: “参数”: 从“double”转换到“GLfloat”，可能丢失数据
E:\BaiduSyncdisk\代码\计算机图形学\实验\实验五-图形基本变换\平移\平移\平移.cpp(118,46): warning C4244: “参数”: 从“double”转换到“GLfloat”，可能丢失数据
E:\BaiduSyncdisk\代码\计算机图形学\实验\实验五-图形基本变换\平移\平移\平移.cpp(118,35): warning C4244: “参数”: 从“double”转换到“GLfloat”，可能丢失数据
E:\BaiduSyncdisk\代码\计算机图形学\实验\实验五-图形基本变换\平移\平移\平移.cpp(118,24): warning C4244: “参数”: 从“double”转换到“GLfloat”，可能丢失数据
E:\BaiduSyncdisk\代码\计算机图形学\实验\实验五-图形基本变换\平移\平移\平移.cpp(119,46): warning C4244: “参数”: 从“double”转换到“GLfloat”，可能丢失数据
E:\BaiduSyncdisk\代码\计算机图形学\实验\实验五-图形基本变换\平移\平移\平移.cpp(119,35): warning C4244: “参数”: 从“double”转换到“GLfloat”，可能丢失数据
E:\BaiduSyncdisk\代码\计算机图形学\实验\实验五-图形基本变换\平移\平移\平移.cpp(119,24): warning C4244: “参数”: 从“double”转换到“GLfloat”，可能丢失数据
E:\BaiduSyncdisk\代码\计算机图形学\实验\实验五-图形基本变换\平移\平移\平移.cpp(120,46): warning C4244: “参数”: 从“double”转换到“GLfloat”，可能丢失数据
E:\BaiduSyncdisk\代码\计算机图形学\实验\实验五-图形基本变换\平移\平移\平移.cpp(120,35): warning C4244: “参数”: 从“double”转换到“GLfloat”，可能丢失数据
E:\BaiduSyncdisk\代码\计算机图形学\实验\实验五-图形基本变换\平移\平移\平移.cpp(120,24): warning C4244: “参数”: 从“double”转换到“GLfloat”，可能丢失数据
E:\BaiduSyncdisk\代码\计算机图形学\实验\实验五-图形基本变换\平移\平移\平移.cpp(121,46): warning C4244: “参数”: 从“double”转换到“GLfloat”，可能丢失数据
E:\BaiduSyncdisk\代码\计算机图形学\实验\实验五-图形基本变换\平移\平移\平移.cpp(121,35): warning C4244: “参数”: 从“double”转换到“GLfloat”，可能丢失数据
E:\BaiduSyncdisk\代码\计算机图形学\实验\实验五-图形基本变换\平移\平移\平移.cpp(121,24): warning C4244: “参数”: 从“double”转换到“GLfloat”，可能丢失数据
E:\BaiduSyncdisk\代码\计算机图形学\实验\实验五-图形基本变换\平移\平移\平移.cpp(126,46): warning C4244: “参数”: 从“double”转换到“GLfloat”，可能丢失数据
E:\BaiduSyncdisk\代码\计算机图形学\实验\实验五-图形基本变换\平移\平移\平移.cpp(126,35): warning C4244: “参数”: 从“double”转换到“GLfloat”，可能丢失数据
E:\BaiduSyncdisk\代码\计算机图形学\实验\实验五-图形基本变换\平移\平移\平移.cpp(126,24): warning C4244: “参数”: 从“double”转换到“GLfloat”，可能丢失数据
E:\BaiduSyncdisk\代码\计算机图形学\实验\实验五-图形基本变换\平移\平移\平移.cpp(127,46): warning C4244: “参数”: 从“double”转换到“GLfloat”，可能丢失数据
E:\BaiduSyncdisk\代码\计算机图形学\实验\实验五-图形基本变换\平移\平移\平移.cpp(127,35): warning C4244: “参数”: 从“double”转换到“GLfloat”，可能丢失数据
E:\BaiduSyncdisk\代码\计算机图形学\实验\实验五-图形基本变换\平移\平移\平移.cpp(127,24): warning C4244: “参数”: 从“double”转换到“GLfloat”，可能丢失数据
E:\BaiduSyncdisk\代码\计算机图形学\实验\实验五-图形基本变换\平移\平移\平移.cpp(128,46): warning C4244: “参数”: 从“double”转换到“GLfloat”，可能丢失数据
E:\BaiduSyncdisk\代码\计算机图形学\实验\实验五-图形基本变换\平移\平移\平移.cpp(128,35): warning C4244: “参数”: 从“double”转换到“GLfloat”，可能丢失数据
E:\BaiduSyncdisk\代码\计算机图形学\实验\实验五-图形基本变换\平移\平移\平移.cpp(128,24): warning C4244: “参数”: 从“double”转换到“GLfloat”，可能丢失数据
E:\BaiduSyncdisk\代码\计算机图形学\实验\实验五-图形基本变换\平移\平移\平移.cpp(129,46): warning C4244: “参数”: 从“double”转换到“GLfloat”，可能丢失数据
E:\BaiduSyncdisk\代码\计算机图形学\实验\实验五-图形基本变换\平移\平移\平移.cpp(129,35): warning C4244: “参数”: 从“double”转换到“GLfloat”，可能丢失数据
E:\BaiduSyncdisk\代码\计算机图形学\实验\实验五-图形基本变换\平移\平移\平移.cpp(129,24): warning C4244: “参数”: 从“double”转换到“GLfloat”，可能丢失数据
E:\BaiduSyncdisk\代码\计算机图形学\实验\实验五-图形基本变换\平移\平移\平移.cpp(134,46): warning C4244: “参数”: 从“double”转换到“GLfloat”，可能丢失数据
E:\BaiduSyncdisk\代码\计算机图形学\实验\实验五-图形基本变换\平移\平移\平移.cpp(134,35): warning C4244: “参数”: 从“double”转换到“GLfloat”，可能丢失数据
E:\BaiduSyncdisk\代码\计算机图形学\实验\实验五-图形基本变换\平移\平移\平移.cpp(134,24): warning C4244: “参数”: 从“double”转换到“GLfloat”，可能丢失数据
E:\BaiduSyncdisk\代码\计算机图形学\实验\实验五-图形基本变换\平移\平移\平移.cpp(135,46): warning C4244: “参数”: 从“double”转换到“GLfloat”，可能丢失数据
E:\BaiduSyncdisk\代码\计算机图形学\实验\实验五-图形基本变换\平移\平移\平移.cpp(135,35): warning C4244: “参数”: 从“double”转换到“GLfloat”，可能丢失数据
E:\BaiduSyncdisk\代码\计算机图形学\实验\实验五-图形基本变换\平移\平移\平移.cpp(135,24): warning C4244: “参数”: 从“double”转换到“GLfloat”，可能丢失数据
E:\BaiduSyncdisk\代码\计算机图形学\实验\实验五-图形基本变换\平移\平移\平移.cpp(136,46): warning C4244: “参数”: 从“double”转换到“GLfloat”，可能丢失数据
E:\BaiduSyncdisk\代码\计算机图形学\实验\实验五-图形基本变换\平移\平移\平移.cpp(136,35): warning C4244: “参数”: 从“double”转换到“GLfloat”，可能丢失数据
E:\BaiduSyncdisk\代码\计算机图形学\实验\实验五-图形基本变换\平移\平移\平移.cpp(136,24): warning C4244: “参数”: 从“double”转换到“GLfloat”，可能丢失数据
E:\BaiduSyncdisk\代码\计算机图形学\实验\实验五-图形基本变换\平移\平移\平移.cpp(137,46): warning C4244: “参数”: 从“double”转换到“GLfloat”，可能丢失数据
E:\BaiduSyncdisk\代码\计算机图形学\实验\实验五-图形基本变换\平移\平移\平移.cpp(137,35): warning C4244: “参数”: 从“double”转换到“GLfloat”，可能丢失数据
E:\BaiduSyncdisk\代码\计算机图形学\实验\实验五-图形基本变换\平移\平移\平移.cpp(137,24): warning C4244: “参数”: 从“double”转换到“GLfloat”，可能丢失数据
E:\BaiduSyncdisk\代码\计算机图形学\实验\实验五-图形基本变换\平移\平移\平移.cpp(142,46): warning C4244: “参数”: 从“double”转换到“GLfloat”，可能丢失数据
E:\BaiduSyncdisk\代码\计算机图形学\实验\实验五-图形基本变换\平移\平移\平移.cpp(142,35): warning C4244: “参数”: 从“double”转换到“GLfloat”，可能丢失数据
E:\BaiduSyncdisk\代码\计算机图形学\实验\实验五-图形基本变换\平移\平移\平移.cpp(142,24): warning C4244: “参数”: 从“double”转换到“GLfloat”，可能丢失数据
E:\BaiduSyncdisk\代码\计算机图形学\实验\实验五-图形基本变换\平移\平移\平移.cpp(143,46): warning C4244: “参数”: 从“double”转换到“GLfloat”，可能丢失数据
E:\BaiduSyncdisk\代码\计算机图形学\实验\实验五-图形基本变换\平移\平移\平移.cpp(143,35): warning C4244: “参数”: 从“double”转换到“GLfloat”，可能丢失数据
E:\BaiduSyncdisk\代码\计算机图形学\实验\实验五-图形基本变换\平移\平移\平移.cpp(143,24): warning C4244: “参数”: 从“double”转换到“GLfloat”，可能丢失数据
E:\BaiduSyncdisk\代码\计算机图形学\实验\实验五-图形基本变换\平移\平移\平移.cpp(144,46): warning C4244: “参数”: 从“double”转换到“GLfloat”，可能丢失数据
E:\BaiduSyncdisk\代码\计算机图形学\实验\实验五-图形基本变换\平移\平移\平移.cpp(144,35): warning C4244: “参数”: 从“double”转换到“GLfloat”，可能丢失数据
E:\BaiduSyncdisk\代码\计算机图形学\实验\实验五-图形基本变换\平移\平移\平移.cpp(144,24): warning C4244: “参数”: 从“double”转换到“GLfloat”，可能丢失数据
E:\BaiduSyncdisk\代码\计算机图形学\实验\实验五-图形基本变换\平移\平移\平移.cpp(145,46): warning C4244: “参数”: 从“double”转换到“GLfloat”，可能丢失数据
E:\BaiduSyncdisk\代码\计算机图形学\实验\实验五-图形基本变换\平移\平移\平移.cpp(145,35): warning C4244: “参数”: 从“double”转换到“GLfloat”，可能丢失数据
E:\BaiduSyncdisk\代码\计算机图形学\实验\实验五-图形基本变换\平移\平移\平移.cpp(145,24): warning C4244: “参数”: 从“double”转换到“GLfloat”，可能丢失数据
E:\BaiduSyncdisk\代码\计算机图形学\实验\实验五-图形基本变换\平移\平移\平移.cpp(150,46): warning C4244: “参数”: 从“double”转换到“GLfloat”，可能丢失数据
E:\BaiduSyncdisk\代码\计算机图形学\实验\实验五-图形基本变换\平移\平移\平移.cpp(150,35): warning C4244: “参数”: 从“double”转换到“GLfloat”，可能丢失数据
E:\BaiduSyncdisk\代码\计算机图形学\实验\实验五-图形基本变换\平移\平移\平移.cpp(150,24): warning C4244: “参数”: 从“double”转换到“GLfloat”，可能丢失数据
E:\BaiduSyncdisk\代码\计算机图形学\实验\实验五-图形基本变换\平移\平移\平移.cpp(151,46): warning C4244: “参数”: 从“double”转换到“GLfloat”，可能丢失数据
E:\BaiduSyncdisk\代码\计算机图形学\实验\实验五-图形基本变换\平移\平移\平移.cpp(151,35): warning C4244: “参数”: 从“double”转换到“GLfloat”，可能丢失数据
E:\BaiduSyncdisk\代码\计算机图形学\实验\实验五-图形基本变换\平移\平移\平移.cpp(151,24): warning C4244: “参数”: 从“double”转换到“GLfloat”，可能丢失数据
E:\BaiduSyncdisk\代码\计算机图形学\实验\实验五-图形基本变换\平移\平移\平移.cpp(152,46): warning C4244: “参数”: 从“double”转换到“GLfloat”，可能丢失数据
E:\BaiduSyncdisk\代码\计算机图形学\实验\实验五-图形基本变换\平移\平移\平移.cpp(152,35): warning C4244: “参数”: 从“double”转换到“GLfloat”，可能丢失数据
E:\BaiduSyncdisk\代码\计算机图形学\实验\实验五-图形基本变换\平移\平移\平移.cpp(152,24): warning C4244: “参数”: 从“double”转换到“GLfloat”，可能丢失数据
E:\BaiduSyncdisk\代码\计算机图形学\实验\实验五-图形基本变换\平移\平移\平移.cpp(153,46): warning C4244: “参数”: 从“double”转换到“GLfloat”，可能丢失数据
E:\BaiduSyncdisk\代码\计算机图形学\实验\实验五-图形基本变换\平移\平移\平移.cpp(153,35): warning C4244: “参数”: 从“double”转换到“GLfloat”，可能丢失数据
E:\BaiduSyncdisk\代码\计算机图形学\实验\实验五-图形基本变换\平移\平移\平移.cpp(153,24): warning C4244: “参数”: 从“double”转换到“GLfloat”，可能丢失数据
E:\BaiduSyncdisk\代码\计算机图形学\实验\实验五-图形基本变换\平移\平移\平移.cpp(158,46): warning C4244: “参数”: 从“double”转换到“GLfloat”，可能丢失数据
E:\BaiduSyncdisk\代码\计算机图形学\实验\实验五-图形基本变换\平移\平移\平移.cpp(158,35): warning C4244: “参数”: 从“double”转换到“GLfloat”，可能丢失数据
E:\BaiduSyncdisk\代码\计算机图形学\实验\实验五-图形基本变换\平移\平移\平移.cpp(158,24): warning C4244: “参数”: 从“double”转换到“GLfloat”，可能丢失数据
E:\BaiduSyncdisk\代码\计算机图形学\实验\实验五-图形基本变换\平移\平移\平移.cpp(159,46): warning C4244: “参数”: 从“double”转换到“GLfloat”，可能丢失数据
E:\BaiduSyncdisk\代码\计算机图形学\实验\实验五-图形基本变换\平移\平移\平移.cpp(159,35): warning C4244: “参数”: 从“double”转换到“GLfloat”，可能丢失数据
E:\BaiduSyncdisk\代码\计算机图形学\实验\实验五-图形基本变换\平移\平移\平移.cpp(159,24): warning C4244: “参数”: 从“double”转换到“GLfloat”，可能丢失数据
E:\BaiduSyncdisk\代码\计算机图形学\实验\实验五-图形基本变换\平移\平移\平移.cpp(160,46): warning C4244: “参数”: 从“double”转换到“GLfloat”，可能丢失数据
E:\BaiduSyncdisk\代码\计算机图形学\实验\实验五-图形基本变换\平移\平移\平移.cpp(160,35): warning C4244: “参数”: 从“double”转换到“GLfloat”，可能丢失数据
E:\BaiduSyncdisk\代码\计算机图形学\实验\实验五-图形基本变换\平移\平移\平移.cpp(160,24): warning C4244: “参数”: 从“double”转换到“GLfloat”，可能丢失数据
E:\BaiduSyncdisk\代码\计算机图形学\实验\实验五-图形基本变换\平移\平移\平移.cpp(161,46): warning C4244: “参数”: 从“double”转换到“GLfloat”，可能丢失数据
E:\BaiduSyncdisk\代码\计算机图形学\实验\实验五-图形基本变换\平移\平移\平移.cpp(161,35): warning C4244: “参数”: 从“double”转换到“GLfloat”，可能丢失数据
E:\BaiduSyncdisk\代码\计算机图形学\实验\实验五-图形基本变换\平移\平移\平移.cpp(161,24): warning C4244: “参数”: 从“double”转换到“GLfloat”，可能丢失数据
E:\BaiduSyncdisk\代码\计算机图形学\实验\实验五-图形基本变换\平移\平移\平移.cpp(168,49): warning C4244: “参数”: 从“double”转换到“GLfloat”，可能丢失数据
E:\BaiduSyncdisk\代码\计算机图形学\实验\实验五-图形基本变换\平移\平移\平移.cpp(168,37): warning C4244: “参数”: 从“double”转换到“GLfloat”，可能丢失数据
E:\BaiduSyncdisk\代码\计算机图形学\实验\实验五-图形基本变换\平移\平移\平移.cpp(168,25): warning C4244: “参数”: 从“double”转换到“GLfloat”，可能丢失数据
E:\BaiduSyncdisk\代码\计算机图形学\实验\实验五-图形基本变换\平移\平移\平移.cpp(169,49): warning C4244: “参数”: 从“double”转换到“GLfloat”，可能丢失数据
E:\BaiduSyncdisk\代码\计算机图形学\实验\实验五-图形基本变换\平移\平移\平移.cpp(169,37): warning C4244: “参数”: 从“double”转换到“GLfloat”，可能丢失数据
E:\BaiduSyncdisk\代码\计算机图形学\实验\实验五-图形基本变换\平移\平移\平移.cpp(169,25): warning C4244: “参数”: 从“double”转换到“GLfloat”，可能丢失数据
E:\BaiduSyncdisk\代码\计算机图形学\实验\实验五-图形基本变换\平移\平移\平移.cpp(170,49): warning C4244: “参数”: 从“double”转换到“GLfloat”，可能丢失数据
E:\BaiduSyncdisk\代码\计算机图形学\实验\实验五-图形基本变换\平移\平移\平移.cpp(170,37): warning C4244: “参数”: 从“double”转换到“GLfloat”，可能丢失数据
E:\BaiduSyncdisk\代码\计算机图形学\实验\实验五-图形基本变换\平移\平移\平移.cpp(170,25): warning C4244: “参数”: 从“double”转换到“GLfloat”，可能丢失数据
E:\BaiduSyncdisk\代码\计算机图形学\实验\实验五-图形基本变换\平移\平移\平移.cpp(171,49): warning C4244: “参数”: 从“double”转换到“GLfloat”，可能丢失数据
E:\BaiduSyncdisk\代码\计算机图形学\实验\实验五-图形基本变换\平移\平移\平移.cpp(171,37): warning C4244: “参数”: 从“double”转换到“GLfloat”，可能丢失数据
E:\BaiduSyncdisk\代码\计算机图形学\实验\实验五-图形基本变换\平移\平移\平移.cpp(171,25): warning C4244: “参数”: 从“double”转换到“GLfloat”，可能丢失数据
E:\BaiduSyncdisk\代码\计算机图形学\实验\实验五-图形基本变换\平移\平移\平移.cpp(176,49): warning C4244: “参数”: 从“double”转换到“GLfloat”，可能丢失数据
E:\BaiduSyncdisk\代码\计算机图形学\实验\实验五-图形基本变换\平移\平移\平移.cpp(176,37): warning C4244: “参数”: 从“double”转换到“GLfloat”，可能丢失数据
E:\BaiduSyncdisk\代码\计算机图形学\实验\实验五-图形基本变换\平移\平移\平移.cpp(176,25): warning C4244: “参数”: 从“double”转换到“GLfloat”，可能丢失数据
E:\BaiduSyncdisk\代码\计算机图形学\实验\实验五-图形基本变换\平移\平移\平移.cpp(177,49): warning C4244: “参数”: 从“double”转换到“GLfloat”，可能丢失数据
E:\BaiduSyncdisk\代码\计算机图形学\实验\实验五-图形基本变换\平移\平移\平移.cpp(177,37): warning C4244: “参数”: 从“double”转换到“GLfloat”，可能丢失数据
E:\BaiduSyncdisk\代码\计算机图形学\实验\实验五-图形基本变换\平移\平移\平移.cpp(177,25): warning C4244: “参数”: 从“double”转换到“GLfloat”，可能丢失数据
E:\BaiduSyncdisk\代码\计算机图形学\实验\实验五-图形基本变换\平移\平移\平移.cpp(178,49): warning C4244: “参数”: 从“double”转换到“GLfloat”，可能丢失数据
E:\BaiduSyncdisk\代码\计算机图形学\实验\实验五-图形基本变换\平移\平移\平移.cpp(178,37): warning C4244: “参数”: 从“double”转换到“GLfloat”，可能丢失数据
E:\BaiduSyncdisk\代码\计算机图形学\实验\实验五-图形基本变换\平移\平移\平移.cpp(178,25): warning C4244: “参数”: 从“double”转换到“GLfloat”，可能丢失数据
E:\BaiduSyncdisk\代码\计算机图形学\实验\实验五-图形基本变换\平移\平移\平移.cpp(179,49): warning C4244: “参数”: 从“double”转换到“GLfloat”，可能丢失数据
E:\BaiduSyncdisk\代码\计算机图形学\实验\实验五-图形基本变换\平移\平移\平移.cpp(179,37): warning C4244: “参数”: 从“double”转换到“GLfloat”，可能丢失数据
E:\BaiduSyncdisk\代码\计算机图形学\实验\实验五-图形基本变换\平移\平移\平移.cpp(179,25): warning C4244: “参数”: 从“double”转换到“GLfloat”，可能丢失数据
E:\BaiduSyncdisk\代码\计算机图形学\实验\实验五-图形基本变换\平移\平移\平移.cpp(184,49): warning C4244: “参数”: 从“double”转换到“GLfloat”，可能丢失数据
E:\BaiduSyncdisk\代码\计算机图形学\实验\实验五-图形基本变换\平移\平移\平移.cpp(184,37): warning C4244: “参数”: 从“double”转换到“GLfloat”，可能丢失数据
E:\BaiduSyncdisk\代码\计算机图形学\实验\实验五-图形基本变换\平移\平移\平移.cpp(184,25): warning C4244: “参数”: 从“double”转换到“GLfloat”，可能丢失数据
E:\BaiduSyncdisk\代码\计算机图形学\实验\实验五-图形基本变换\平移\平移\平移.cpp(185,49): warning C4244: “参数”: 从“double”转换到“GLfloat”，可能丢失数据
E:\BaiduSyncdisk\代码\计算机图形学\实验\实验五-图形基本变换\平移\平移\平移.cpp(185,37): warning C4244: “参数”: 从“double”转换到“GLfloat”，可能丢失数据
E:\BaiduSyncdisk\代码\计算机图形学\实验\实验五-图形基本变换\平移\平移\平移.cpp(185,25): warning C4244: “参数”: 从“double”转换到“GLfloat”，可能丢失数据
E:\BaiduSyncdisk\代码\计算机图形学\实验\实验五-图形基本变换\平移\平移\平移.cpp(186,49): warning C4244: “参数”: 从“double”转换到“GLfloat”，可能丢失数据
E:\BaiduSyncdisk\代码\计算机图形学\实验\实验五-图形基本变换\平移\平移\平移.cpp(186,37): warning C4244: “参数”: 从“double”转换到“GLfloat”，可能丢失数据
E:\BaiduSyncdisk\代码\计算机图形学\实验\实验五-图形基本变换\平移\平移\平移.cpp(186,25): warning C4244: “参数”: 从“double”转换到“GLfloat”，可能丢失数据
E:\BaiduSyncdisk\代码\计算机图形学\实验\实验五-图形基本变换\平移\平移\平移.cpp(187,49): warning C4244: “参数”: 从“double”转换到“GLfloat”，可能丢失数据
E:\BaiduSyncdisk\代码\计算机图形学\实验\实验五-图形基本变换\平移\平移\平移.cpp(187,37): warning C4244: “参数”: 从“double”转换到“GLfloat”，可能丢失数据
E:\BaiduSyncdisk\代码\计算机图形学\实验\实验五-图形基本变换\平移\平移\平移.cpp(187,25): warning C4244: “参数”: 从“double”转换到“GLfloat”，可能丢失数据
E:\BaiduSyncdisk\代码\计算机图形学\实验\实验五-图形基本变换\平移\平移\平移.cpp(192,49): warning C4244: “参数”: 从“double”转换到“GLfloat”，可能丢失数据
E:\BaiduSyncdisk\代码\计算机图形学\实验\实验五-图形基本变换\平移\平移\平移.cpp(192,37): warning C4244: “参数”: 从“double”转换到“GLfloat”，可能丢失数据
E:\BaiduSyncdisk\代码\计算机图形学\实验\实验五-图形基本变换\平移\平移\平移.cpp(192,25): warning C4244: “参数”: 从“double”转换到“GLfloat”，可能丢失数据
E:\BaiduSyncdisk\代码\计算机图形学\实验\实验五-图形基本变换\平移\平移\平移.cpp(193,49): warning C4244: “参数”: 从“double”转换到“GLfloat”，可能丢失数据
E:\BaiduSyncdisk\代码\计算机图形学\实验\实验五-图形基本变换\平移\平移\平移.cpp(193,37): warning C4244: “参数”: 从“double”转换到“GLfloat”，可能丢失数据
E:\BaiduSyncdisk\代码\计算机图形学\实验\实验五-图形基本变换\平移\平移\平移.cpp(193,25): warning C4244: “参数”: 从“double”转换到“GLfloat”，可能丢失数据
E:\BaiduSyncdisk\代码\计算机图形学\实验\实验五-图形基本变换\平移\平移\平移.cpp(194,49): warning C4244: “参数”: 从“double”转换到“GLfloat”，可能丢失数据
E:\BaiduSyncdisk\代码\计算机图形学\实验\实验五-图形基本变换\平移\平移\平移.cpp(194,37): warning C4244: “参数”: 从“double”转换到“GLfloat”，可能丢失数据
E:\BaiduSyncdisk\代码\计算机图形学\实验\实验五-图形基本变换\平移\平移\平移.cpp(194,25): warning C4244: “参数”: 从“double”转换到“GLfloat”，可能丢失数据
E:\BaiduSyncdisk\代码\计算机图形学\实验\实验五-图形基本变换\平移\平移\平移.cpp(195,49): warning C4244: “参数”: 从“double”转换到“GLfloat”，可能丢失数据
E:\BaiduSyncdisk\代码\计算机图形学\实验\实验五-图形基本变换\平移\平移\平移.cpp(195,37): warning C4244: “参数”: 从“double”转换到“GLfloat”，可能丢失数据
E:\BaiduSyncdisk\代码\计算机图形学\实验\实验五-图形基本变换\平移\平移\平移.cpp(195,25): warning C4244: “参数”: 从“double”转换到“GLfloat”，可能丢失数据
E:\BaiduSyncdisk\代码\计算机图形学\实验\实验五-图形基本变换\平移\平移\平移.cpp(200,49): warning C4244: “参数”: 从“double”转换到“GLfloat”，可能丢失数据
E:\BaiduSyncdisk\代码\计算机图形学\实验\实验五-图形基本变换\平移\平移\平移.cpp(200,37): warning C4244: “参数”: 从“double”转换到“GLfloat”，可能丢失数据
E:\BaiduSyncdisk\代码\计算机图形学\实验\实验五-图形基本变换\平移\平移\平移.cpp(200,25): warning C4244: “参数”: 从“double”转换到“GLfloat”，可能丢失数据
E:\BaiduSyncdisk\代码\计算机图形学\实验\实验五-图形基本变换\平移\平移\平移.cpp(201,49): warning C4244: “参数”: 从“double”转换到“GLfloat”，可能丢失数据
E:\BaiduSyncdisk\代码\计算机图形学\实验\实验五-图形基本变换\平移\平移\平移.cpp(201,37): warning C4244: “参数”: 从“double”转换到“GLfloat”，可能丢失数据
E:\BaiduSyncdisk\代码\计算机图形学\实验\实验五-图形基本变换\平移\平移\平移.cpp(201,25): warning C4244: “参数”: 从“double”转换到“GLfloat”，可能丢失数据
E:\BaiduSyncdisk\代码\计算机图形学\实验\实验五-图形基本变换\平移\平移\平移.cpp(202,49): warning C4244: “参数”: 从“double”转换到“GLfloat”，可能丢失数据
E:\BaiduSyncdisk\代码\计算机图形学\实验\实验五-图形基本变换\平移\平移\平移.cpp(202,37): warning C4244: “参数”: 从“double”转换到“GLfloat”，可能丢失数据
E:\BaiduSyncdisk\代码\计算机图形学\实验\实验五-图形基本变换\平移\平移\平移.cpp(202,25): warning C4244: “参数”: 从“double”转换到“GLfloat”，可能丢失数据
E:\BaiduSyncdisk\代码\计算机图形学\实验\实验五-图形基本变换\平移\平移\平移.cpp(203,49): warning C4244: “参数”: 从“double”转换到“GLfloat”，可能丢失数据
E:\BaiduSyncdisk\代码\计算机图形学\实验\实验五-图形基本变换\平移\平移\平移.cpp(203,37): warning C4244: “参数”: 从“double”转换到“GLfloat”，可能丢失数据
E:\BaiduSyncdisk\代码\计算机图形学\实验\实验五-图形基本变换\平移\平移\平移.cpp(203,25): warning C4244: “参数”: 从“double”转换到“GLfloat”，可能丢失数据
E:\BaiduSyncdisk\代码\计算机图形学\实验\实验五-图形基本变换\平移\平移\平移.cpp(208,49): warning C4244: “参数”: 从“double”转换到“GLfloat”，可能丢失数据
E:\BaiduSyncdisk\代码\计算机图形学\实验\实验五-图形基本变换\平移\平移\平移.cpp(208,37): warning C4244: “参数”: 从“double”转换到“GLfloat”，可能丢失数据
E:\BaiduSyncdisk\代码\计算机图形学\实验\实验五-图形基本变换\平移\平移\平移.cpp(208,25): warning C4244: “参数”: 从“double”转换到“GLfloat”，可能丢失数据
E:\BaiduSyncdisk\代码\计算机图形学\实验\实验五-图形基本变换\平移\平移\平移.cpp(209,49): warning C4244: “参数”: 从“double”转换到“GLfloat”，可能丢失数据
E:\BaiduSyncdisk\代码\计算机图形学\实验\实验五-图形基本变换\平移\平移\平移.cpp(209,37): warning C4244: “参数”: 从“double”转换到“GLfloat”，可能丢失数据
E:\BaiduSyncdisk\代码\计算机图形学\实验\实验五-图形基本变换\平移\平移\平移.cpp(209,25): warning C4244: “参数”: 从“double”转换到“GLfloat”，可能丢失数据
E:\BaiduSyncdisk\代码\计算机图形学\实验\实验五-图形基本变换\平移\平移\平移.cpp(210,49): warning C4244: “参数”: 从“double”转换到“GLfloat”，可能丢失数据
E:\BaiduSyncdisk\代码\计算机图形学\实验\实验五-图形基本变换\平移\平移\平移.cpp(210,37): warning C4244: “参数”: 从“double”转换到“GLfloat”，可能丢失数据
E:\BaiduSyncdisk\代码\计算机图形学\实验\实验五-图形基本变换\平移\平移\平移.cpp(210,25): warning C4244: “参数”: 从“double”转换到“GLfloat”，可能丢失数据
E:\BaiduSyncdisk\代码\计算机图形学\实验\实验五-图形基本变换\平移\平移\平移.cpp(211,49): warning C4244: “参数”: 从“double”转换到“GLfloat”，可能丢失数据
E:\BaiduSyncdisk\代码\计算机图形学\实验\实验五-图形基本变换\平移\平移\平移.cpp(211,37): warning C4244: “参数”: 从“double”转换到“GLfloat”，可能丢失数据
E:\BaiduSyncdisk\代码\计算机图形学\实验\实验五-图形基本变换\平移\平移\平移.cpp(211,25): warning C4244: “参数”: 从“double”转换到“GLfloat”，可能丢失数据
E:\BaiduSyncdisk\代码\计算机图形学\实验\实验五-图形基本变换\平移\平移\平移.cpp(222,15): warning C4244: “参数”: 从“double”转换到“GLfloat”，可能丢失数据
E:\BaiduSyncdisk\代码\计算机图形学\实验\实验五-图形基本变换\平移\平移\平移.cpp(223,15): warning C4244: “参数”: 从“double”转换到“GLfloat”，可能丢失数据
E:\BaiduSyncdisk\代码\计算机图形学\实验\实验五-图形基本变换\平移\平移\平移.cpp(243,30): warning C4305: “参数”: 从“double”到“GLfloat”截断
E:\BaiduSyncdisk\代码\计算机图形学\实验\实验五-图形基本变换\平移\平移\平移.cpp(249,31): warning C4305: “参数”: 从“double”到“GLfloat”截断
E:\BaiduSyncdisk\代码\计算机图形学\实验\实验五-图形基本变换\平移\平移\平移.cpp(252,31): warning C4305: “参数”: 从“double”到“GLfloat”截断
E:\BaiduSyncdisk\代码\计算机图形学\实验\实验五-图形基本变换\平移\平移\平移.cpp(255,31): warning C4305: “参数”: 从“double”到“GLfloat”截断
E:\BaiduSyncdisk\代码\计算机图形学\实验\实验五-图形基本变换\平移\平移\平移.cpp(258,31): warning C4305: “参数”: 从“double”到“GLfloat”截断
E:\BaiduSyncdisk\代码\计算机图形学\实验\实验五-图形基本变换\平移\平移\平移.cpp(261,31): warning C4305: “参数”: 从“double”到“GLfloat”截断
E:\BaiduSyncdisk\代码\计算机图形学\实验\实验五-图形基本变换\平移\平移\平移.cpp(264,30): warning C4305: “参数”: 从“double”到“GLfloat”截断
E:\BaiduSyncdisk\代码\计算机图形学\实验\实验五-图形基本变换\平移\平移\平移.cpp(267,30): warning C4305: “参数”: 从“double”到“GLfloat”截断
E:\BaiduSyncdisk\代码\计算机图形学\实验\实验五-图形基本变换\平移\平移\平移.cpp(275,21): warning C4305: “参数”: 从“double”到“GLfloat”截断
E:\BaiduSyncdisk\代码\计算机图形学\实验\实验五-图形基本变换\平移\平移\平移.cpp(279,20): warning C4305: “参数”: 从“double”到“GLfloat”截断
E:\BaiduSyncdisk\代码\计算机图形学\实验\实验五-图形基本变换\平移\平移\平移.cpp(345,20): warning C4305: “参数”: 从“double”到“GLfloat”截断
E:\BaiduSyncdisk\代码\计算机图形学\实验\实验五-图形基本变换\平移\平移\平移.cpp(369,20): warning C4305: “参数”: 从“double”到“GLfloat”截断
E:\BaiduSyncdisk\代码\计算机图形学\实验\实验五-图形基本变换\平移\平移\平移.cpp(373,27): warning C4305: “参数”: 从“double”到“GLfloat”截断
E:\BaiduSyncdisk\代码\计算机图形学\实验\实验五-图形基本变换\平移\平移\平移.cpp(386,33): warning C4305: “参数”: 从“double”到“GLfloat”截断
E:\BaiduSyncdisk\代码\计算机图形学\实验\实验五-图形基本变换\平移\平移\平移.cpp(403,56): warning C4305: “初始化”: 从“double”到“GLfloat”截断
E:\BaiduSyncdisk\代码\计算机图形学\实验\实验五-图形基本变换\平移\平移\平移.cpp(472,27): warning C4244: “参数”: 从“GLfloat”转换到“int”，可能丢失数据
E:\BaiduSyncdisk\代码\计算机图形学\实验\实验五-图形基本变换\平移\平移\平移.cpp(472,24): warning C4244: “参数”: 从“GLfloat”转换到“int”，可能丢失数据
  平移.vcxproj -> E:\BaiduSyncdisk\代码\计算机图形学\实验\实验五-图形基本变换\平移\x64\Debug\平移.exe
